
Showing logs for build [32mcb-kubecd-environment-pr-203-13-7ls4r-1[0m stage [32mfrom-build-pack[0m and container [32mstep-credential-initializer-ql5fm[0m
{"level":"info","ts":1587070930.5920897,"logger":"fallback-logger","caller":"logging/config.go:69","msg":"Fetch GitHub commit ID from kodata failed: open /var/run/ko/refs/heads/0.8.0-ns-support: no such file or directory"}
{"level":"info","ts":1587070930.5927844,"logger":"fallback-logger","caller":"creds-init/main.go:40","msg":"Credentials initialized."}

Showing logs for build [32mcb-kubecd-environment-pr-203-13-7ls4r-1[0m stage [32mfrom-build-pack[0m and container [32mstep-working-dir-initializer-bsgm6[0m
{"level":"info","ts":1587070931.0964885,"logger":"fallback-logger","caller":"logging/config.go:69","msg":"Fetch GitHub commit ID from kodata failed: open /var/run/ko/HEAD: no such file or directory"}
{"level":"info","ts":1587070931.0985684,"logger":"fallback-logger","caller":"bash/main.go:64","msg":"Successfully executed command \"sh -c mkdir -p /workspace/source\"; output "}

Showing logs for build [32mcb-kubecd-environment-pr-203-13-7ls4r-1[0m stage [32mfrom-build-pack[0m and container [32mstep-place-tools[0m

Showing logs for build [32mcb-kubecd-environment-pr-203-13-7ls4r-1[0m stage [32mfrom-build-pack[0m and container [32mstep-git-source-cb-kubecd-environment-pr-203-13-7ls4r-r549h[0m
{"level":"info","ts":1587070934.3753245,"logger":"fallback-logger","caller":"logging/config.go:69","msg":"Fetch GitHub commit ID from kodata failed: open /var/run/ko/refs/heads/0.8.0-ns-support: no such file or directory"}
{"level":"info","ts":1587070935.402919,"logger":"fallback-logger","caller":"git/git.go:103","msg":"Successfully cloned https://github.com/cb-kubecd/environment-pr-203-13-boot-gke-staging.git @ master in path /workspace/source"}

Showing logs for build [32mcb-kubecd-environment-pr-203-13-7ls4r-1[0m stage [32mfrom-build-pack[0m and container [32mstep-git-merge[0m
Using SHAs from PULL_REFS=master:0ab7b50eb8631873d77c32d897c6d94cac066bda,3:5904fa9a7c6ca91612a8d8b379e783feb235c33b
DEBUG: LC_ALL=C JX_LOG_LEVEL=error git fetch origin --unshallow 5904fa9a7c6ca91612a8d8b379e783feb235c33b: 0ab7b50eb8631873d77c32d897c6d94cac066bda:
DEBUG: ran git fetch --unshallow origin 5904fa9a7c6ca91612a8d8b379e783feb235c33b: 0ab7b50eb8631873d77c32d897c6d94cac066bda: in 
DEBUG: LC_ALL=C JX_LOG_LEVEL=error git branch
DEBUG: LC_ALL=C JX_LOG_LEVEL=error git checkout master
DEBUG: ran git checkout master in 
DEBUG: LC_ALL=C JX_LOG_LEVEL=error git reset --hard 0ab7b50eb8631873d77c32d897c6d94cac066bda
DEBUG: ran git reset --hard 0ab7b50eb8631873d77c32d897c6d94cac066bda in 
DEBUG: LC_ALL=C JX_LOG_LEVEL=error git clean -fd .
DEBUG: ran clean --force -d . in 
DEBUG: LC_ALL=C JX_LOG_LEVEL=error git merge 5904fa9a7c6ca91612a8d8b379e783feb235c33b
DEBUG: ran git merge 5904fa9a7c6ca91612a8d8b379e783feb235c33b in 
DEBUG: JX_LOG_LEVEL=error LC_ALL=C git log --format=%H%x1f%an%x1f%ae%x1f%cn%x1f%ce%x1f%s%n%b%x1e 0ab7b50eb8631873d77c32d897c6d94cac066bda..HEAD
Merged SHA 5904fa9a7c6ca91612a8d8b379e783feb235c33b with commit message 'chore: Promote bdd-sbhg-1587069934 to version 0.0.1' into base branch master

Showing logs for build [32mcb-kubecd-environment-pr-203-13-7ls4r-1[0m stage [32mfrom-build-pack[0m and container [32mstep-build-helm-build[0m
WARNING: No $CHART_REPOSITORY defined so using the default value of: http://jenkins-x-chartmuseum:8080
Adding missing Helm repo: storage.googleapis.com https://storage.googleapis.com/chartmuseum.jenkins-x.io
WARNING: No secrets found on "helm/repos" due: reading the secret "helm/repos" from vault: no secret "helm/repos" not found in vault
Read credentials for https://storage.googleapis.com/chartmuseum.jenkins-x.io from vault helm/repos
Successfully added Helm repository storage.googleapis.com.
Adding missing Helm repo: jenkins-x-chartmuseum http://jenkins-x-chartmuseum:8080
WARNING: No secrets found on "helm/repos" due: reading the secret "helm/repos" from vault: no secret "helm/repos" not found in vault
Read credentials for http://jenkins-x-chartmuseum:8080 from vault helm/repos
Successfully added Helm repository jenkins-x-chartmuseum.
WARNING: No $CHART_REPOSITORY defined so using the default value of: http://jenkins-x-chartmuseum:8080
Adding missing Helm repo: chartmuseum.jenkins-x.io http://chartmuseum.jenkins-x.io
WARNING: No secrets found on "helm/repos" due: reading the secret "helm/repos" from vault: no secret "helm/repos" not found in vault
Read credentials for http://chartmuseum.jenkins-x.io from vault helm/repos
Successfully added Helm repository chartmuseum.jenkins-x.io.
