
Showing logs for build [32mcb-kubecd-environment-pr-203-13-98g88-1[0m stage [32mfrom-build-pack[0m and container [32mstep-credential-initializer-xt642[0m
{"level":"info","ts":1587070233.0093045,"logger":"fallback-logger","caller":"logging/config.go:69","msg":"Fetch GitHub commit ID from kodata failed: open /var/run/ko/refs/heads/0.8.0-ns-support: no such file or directory"}
{"level":"info","ts":1587070233.0102596,"logger":"fallback-logger","caller":"creds-init/main.go:40","msg":"Credentials initialized."}

Showing logs for build [32mcb-kubecd-environment-pr-203-13-98g88-1[0m stage [32mfrom-build-pack[0m and container [32mstep-working-dir-initializer-zqsq8[0m
{"level":"info","ts":1587070233.9072537,"logger":"fallback-logger","caller":"logging/config.go:69","msg":"Fetch GitHub commit ID from kodata failed: open /var/run/ko/HEAD: no such file or directory"}
{"level":"info","ts":1587070233.9104407,"logger":"fallback-logger","caller":"bash/main.go:64","msg":"Successfully executed command \"sh -c mkdir -p /workspace/source\"; output "}

Showing logs for build [32mcb-kubecd-environment-pr-203-13-98g88-1[0m stage [32mfrom-build-pack[0m and container [32mstep-place-tools[0m

Showing logs for build [32mcb-kubecd-environment-pr-203-13-98g88-1[0m stage [32mfrom-build-pack[0m and container [32mstep-git-source-cb-kubecd-environment-pr-203-13-98g88-smbvt[0m
{"level":"info","ts":1587070262.0368545,"logger":"fallback-logger","caller":"logging/config.go:69","msg":"Fetch GitHub commit ID from kodata failed: open /var/run/ko/refs/heads/0.8.0-ns-support: no such file or directory"}
{"level":"info","ts":1587070263.1848497,"logger":"fallback-logger","caller":"git/git.go:103","msg":"Successfully cloned https://github.com/cb-kubecd/environment-pr-203-13-boot-gke-staging.git @ master in path /workspace/source"}

Showing logs for build [32mcb-kubecd-environment-pr-203-13-98g88-1[0m stage [32mfrom-build-pack[0m and container [32mstep-git-merge[0m
Using SHAs from PULL_REFS=master:42a5ecf282d02613b4b535a76f69063ac3655d9a,2:ce754d6bfdb7566bffaf4d5fcce8fd6211e152a9
DEBUG: LC_ALL=C JX_LOG_LEVEL=error git fetch origin --unshallow ce754d6bfdb7566bffaf4d5fcce8fd6211e152a9: 42a5ecf282d02613b4b535a76f69063ac3655d9a:
DEBUG: ran git fetch --unshallow origin ce754d6bfdb7566bffaf4d5fcce8fd6211e152a9: 42a5ecf282d02613b4b535a76f69063ac3655d9a: in 
DEBUG: LC_ALL=C JX_LOG_LEVEL=error git branch
DEBUG: LC_ALL=C JX_LOG_LEVEL=error git checkout master
DEBUG: ran git checkout master in 
DEBUG: LC_ALL=C JX_LOG_LEVEL=error git reset --hard 42a5ecf282d02613b4b535a76f69063ac3655d9a
DEBUG: ran git reset --hard 42a5ecf282d02613b4b535a76f69063ac3655d9a in 
DEBUG: LC_ALL=C JX_LOG_LEVEL=error git clean -fd .
DEBUG: ran clean --force -d . in 
DEBUG: JX_LOG_LEVEL=error LC_ALL=C git merge ce754d6bfdb7566bffaf4d5fcce8fd6211e152a9
DEBUG: ran git merge ce754d6bfdb7566bffaf4d5fcce8fd6211e152a9 in 
DEBUG: JX_LOG_LEVEL=error LC_ALL=C git log --format=%H%x1f%an%x1f%ae%x1f%cn%x1f%ce%x1f%s%n%b%x1e 42a5ecf282d02613b4b535a76f69063ac3655d9a..HEAD
Merged SHA ce754d6bfdb7566bffaf4d5fcce8fd6211e152a9 with commit message 'chore: Promote bdd-gh-1587069934 to version 0.0.1' into base branch master

Showing logs for build [32mcb-kubecd-environment-pr-203-13-98g88-1[0m stage [32mfrom-build-pack[0m and container [32mstep-build-helm-build[0m
WARNING: No $CHART_REPOSITORY defined so using the default value of: http://jenkins-x-chartmuseum:8080
Adding missing Helm repo: storage.googleapis.com https://storage.googleapis.com/chartmuseum.jenkins-x.io
WARNING: No secrets found on "helm/repos" due: reading the secret "helm/repos" from vault: no secret "helm/repos" not found in vault
Read credentials for https://storage.googleapis.com/chartmuseum.jenkins-x.io from vault helm/repos
Successfully added Helm repository storage.googleapis.com.
Adding missing Helm repo: jenkins-x-chartmuseum http://jenkins-x-chartmuseum:8080
WARNING: No secrets found on "helm/repos" due: reading the secret "helm/repos" from vault: no secret "helm/repos" not found in vault
Read credentials for http://jenkins-x-chartmuseum:8080 from vault helm/repos
Successfully added Helm repository jenkins-x-chartmuseum.
WARNING: No $CHART_REPOSITORY defined so using the default value of: http://jenkins-x-chartmuseum:8080
Adding missing Helm repo: chartmuseum.jenkins-x.io http://chartmuseum.jenkins-x.io
WARNING: No secrets found on "helm/repos" due: reading the secret "helm/repos" from vault: no secret "helm/repos" not found in vault
Read credentials for http://chartmuseum.jenkins-x.io from vault helm/repos
Successfully added Helm repository chartmuseum.jenkins-x.io.
